#
# There is insufficient memory for the Java Runtime Environment to continue.
# Native memory allocation (malloc) failed to allocate 1076560 bytes for Chunk::new
# Possible reasons:
#   The system is out of physical RAM or swap space
#   The process is running with CompressedOops enabled, and the Java Heap may be blocking the growth of the native heap
# Possible solutions:
#   Reduce memory load on the system
#   Increase physical memory or swap space
#   Check if swap backing store is full
#   Decrease Java heap size (-Xmx/-Xms)
#   Decrease number of Java threads
#   Decrease Java thread stack sizes (-Xss)
#   Set larger code cache with -XX:ReservedCodeCacheSize=
#   JVM is running with Unscaled Compressed Oops mode in which the Java heap is
#     placed in the first 4GB address space. The Java Heap base address is the
#     maximum limit for the native heap growth. Please use -XX:HeapBaseMinAddress
#     to set the Java Heap base and to place the Java Heap above 4GB virtual address.
# This output file may be truncated or incomplete.
#
#  Out of Memory Error (allocation.cpp:389), pid=6796, tid=0x0000000000002d28
#
# JRE version: OpenJDK Runtime Environment (8.0_242-b01) (build 1.8.0_242-release-1644-b01)
# Java VM: OpenJDK 64-Bit Server VM (25.242-b01 mixed mode windows-amd64 compressed oops)
# Failed to write core dump. Minidumps are not enabled by default on client versions of Windows
#

---------------  T H R E A D  ---------------

Current thread (0x00000000173d8000):  JavaThread "C2 CompilerThread0" daemon [_thread_in_native, id=11560, stack(0x0000000018a30000,0x0000000018b30000)]

Stack: [0x0000000018a30000,0x0000000018b30000]
[error occurred during error reporting (printing stack bounds), id 0xc0000005]

Native frames: (J=compiled Java code, j=interpreted, Vv=VM code, C=native code)


Current CompileTask:
C2: 372861 14977       4       java.lang.Class::privateGetPublicMethods (267 bytes)


---------------  P R O C E S S  ---------------

Java Threads: ( => current thread )
  0x00000000173f8000 JavaThread "ForkJoinPool.commonPool-worker-3" daemon [_thread_blocked, id=884, stack(0x000000002a160000,0x000000002a260000)]
  0x00000000173f7800 JavaThread "ForkJoinPool.commonPool-worker-2" daemon [_thread_blocked, id=10528, stack(0x000000002a060000,0x000000002a160000)]
  0x00000000173f0000 JavaThread "ForkJoinPool.commonPool-worker-1" daemon [_thread_blocked, id=11248, stack(0x0000000029f60000,0x000000002a060000)]
  0x00000000173f6800 JavaThread "WorkerExecutor Queue Thread 3" [_thread_blocked, id=10492, stack(0x0000000029e60000,0x0000000029f60000)]
  0x00000000173f5000 JavaThread "WorkerExecutor Queue Thread 2" [_thread_blocked, id=4116, stack(0x0000000029d60000,0x0000000029e60000)]
  0x00000000173ed800 JavaThread "WorkerExecutor Queue" [_thread_blocked, id=7560, stack(0x0000000029c60000,0x0000000029d60000)]
  0x00000000173f3800 JavaThread "stdout" [_thread_in_native, id=5852, stack(0x0000000029b60000,0x0000000029c60000)]
  0x00000000173f3000 JavaThread "stderr" [_thread_in_native, id=6928, stack(0x0000000029a60000,0x0000000029b60000)]
  0x00000000173f2000 JavaThread "pool-17-thread-1" [_thread_blocked, id=7096, stack(0x0000000029960000,0x0000000029a60000)]
  0x00000000173f4800 JavaThread "Cache worker for execution history cache (C:\Users\User\AndroidStudioProjects\Direct-Currency-Converter\.gradle\6.1.1\executionHistory)" [_thread_blocked, id=6128, stack(0x0000000028860000,0x0000000028960000)]
  0x00000000173ef000 JavaThread "Execution worker for ':' Thread 3" [_thread_in_native, id=11484, stack(0x0000000028760000,0x0000000028860000)]
  0x00000000173f1800 JavaThread "Execution worker for ':' Thread 2" [_thread_in_native, id=9036, stack(0x0000000028660000,0x0000000028760000)]
  0x00000000173ec000 JavaThread "Execution worker for ':'" [_thread_in_native, id=3376, stack(0x0000000028560000,0x0000000028660000)]
  0x00000000173ed000 JavaThread "Cache worker for file content cache (C:\Users\User\AndroidStudioProjects\Direct-Currency-Converter\.gradle\6.1.1\fileContent)" [_thread_blocked, id=2912, stack(0x0000000028460000,0x0000000028560000)]
  0x00000000173ee800 JavaThread "Cache worker for file content cache (C:\Users\User\.gradle\caches\6.1.1\fileContent)" [_thread_blocked, id=880, stack(0x0000000028360000,0x0000000028460000)]
  0x00000000173f0800 JavaThread "Cache worker for Build Output Cleanup Cache (C:\Users\User\AndroidStudioProjects\Direct-Currency-Converter\.gradle\buildOutputCleanup)" [_thread_blocked, id=10440, stack(0x0000000028260000,0x0000000028360000)]
  0x000000001aec4000 JavaThread "pool-3-thread-1" [_thread_blocked, id=4840, stack(0x0000000028160000,0x0000000028260000)]
  0x000000001aec2800 JavaThread "Build operations Thread 4" [_thread_blocked, id=11344, stack(0x0000000028060000,0x0000000028160000)]
  0x000000001aec5800 JavaThread "Build operations Thread 3" [_thread_blocked, id=10940, stack(0x0000000027f60000,0x0000000028060000)]
  0x000000001aec2000 JavaThread "Build operations Thread 2" [_thread_blocked, id=10276, stack(0x0000000027e60000,0x0000000027f60000)]
  0x000000001ba74800 JavaThread "Build operations" [_thread_blocked, id=6968, stack(0x0000000027d60000,0x0000000027e60000)]
  0x000000001ba73000 JavaThread "Cache worker for cache directory md-rule (C:\Users\User\.gradle\caches\6.1.1\md-rule)" [_thread_blocked, id=11544, stack(0x0000000027c60000,0x0000000027d60000)]
  0x000000001ba72800 JavaThread "Cache worker for cache directory md-supplier (C:\Users\User\.gradle\caches\6.1.1\md-supplier)" [_thread_blocked, id=11524, stack(0x0000000027b60000,0x0000000027c60000)]
  0x000000001ba74000 JavaThread "Cache worker for file hash cache (C:\Users\User\AndroidStudioProjects\Direct-Currency-Converter\.gradle\6.1.1\fileHashes)" [_thread_blocked, id=5536, stack(0x0000000027a60000,0x0000000027b60000)]
  0x000000001ba71800 JavaThread "Cache worker for checksums cache (C:\Users\User\AndroidStudioProjects\Direct-Currency-Converter\.gradle\checksums)" [_thread_blocked, id=4036, stack(0x0000000027960000,0x0000000027a60000)]
  0x000000001ba76000 JavaThread "Thread-33" [_thread_blocked, id=8360, stack(0x0000000027860000,0x0000000027960000)]
  0x000000001ba68800 JavaThread "Stdin handler" [_thread_blocked, id=1204, stack(0x0000000027760000,0x0000000027860000)]
  0x000000001ba68000 JavaThread "Asynchronous log dispatcher for DefaultDaemonConnection: socket connection from /127.0.0.1:51144 to /127.0.0.1:51158" [_thread_blocked, id=10408, stack(0x0000000027660000,0x0000000027760000)]
  0x000000001ba6e800 JavaThread "Daemon worker Thread 2" [_thread_in_native, id=7896, stack(0x0000000027560000,0x0000000027660000)]
  0x000000001ba67000 JavaThread "Cancel handler" [_thread_blocked, id=9408, stack(0x0000000027460000,0x0000000027560000)]
  0x000000001ba6e000 JavaThread "Handler for socket connection from /127.0.0.1:51144 to /127.0.0.1:51158" [_thread_in_native, id=540, stack(0x0000000027360000,0x0000000027460000)]
  0x000000001ba6b800 JavaThread "Daemon Thread 2" [_thread_blocked, id=7852, stack(0x0000000027260000,0x0000000027360000)]
  0x000000001ba6a000 JavaThread "Memory manager" [_thread_blocked, id=4868, stack(0x0000000023ef0000,0x0000000023ff0000)]
  0x000000001aec3800 JavaThread "Cache worker for execution history cache (C:\Users\User\.gradle\caches\6.1.1\executionHistory)" [_thread_blocked, id=9732, stack(0x0000000020ea0000,0x0000000020fa0000)]
  0x000000001aec1000 JavaThread "Cache worker for file hash cache (C:\Users\User\.gradle\caches\6.1.1\fileHashes)" [_thread_blocked, id=4500, stack(0x000000001e150000,0x000000001e250000)]
  0x000000001aec5000 JavaThread "File lock request listener" [_thread_in_native, id=7384, stack(0x000000001d080000,0x000000001d180000)]
  0x0000000019e30000 JavaThread "Cache worker for journal cache (C:\Users\User\.gradle\caches\journal-1)" [_thread_blocked, id=7052, stack(0x000000001cf80000,0x000000001d080000)]
  0x000000001aeb6000 JavaThread "Daemon periodic checks" [_thread_blocked, id=1700, stack(0x000000001c480000,0x000000001c580000)]
  0x000000001ada2000 JavaThread "Incoming local TCP Connector on port 51144" [_thread_in_native, id=10872, stack(0x000000001c130000,0x000000001c230000)]
  0x0000000019edc800 JavaThread "Daemon health stats" [_thread_blocked, id=11780, stack(0x000000001bad0000,0x000000001bbd0000)]
  0x000000001742a800 JavaThread "Service Thread" daemon [_thread_blocked, id=12232, stack(0x0000000019130000,0x0000000019230000)]
  0x00000000173e3000 JavaThread "C1 CompilerThread2" daemon [_thread_blocked, id=3280, stack(0x0000000018c30000,0x0000000018d30000)]
  0x00000000173db000 JavaThread "C2 CompilerThread1" daemon [_thread_in_native, id=10316, stack(0x0000000018b30000,0x0000000018c30000)]
=>0x00000000173d8000 JavaThread "C2 CompilerThread0" daemon [_thread_in_native, id=11560, stack(0x0000000018a30000,0x0000000018b30000)]
  0x00000000173d5800 JavaThread "Attach Listener" daemon [_thread_blocked, id=12116, stack(0x0000000018930000,0x0000000018a30000)]
  0x00000000173d4800 JavaThread "Signal Dispatcher" daemon [_thread_blocked, id=8716, stack(0x0000000018830000,0x0000000018930000)]
  0x000000000277b800 JavaThread "Finalizer" daemon [_thread_blocked, id=2592, stack(0x0000000018630000,0x0000000018730000)]
  0x00000000173b9000 JavaThread "Reference Handler" daemon [_thread_blocked, id=3084, stack(0x0000000018530000,0x0000000018630000)]
  0x000000000257d800 JavaThread "main" [_thread_blocked, id=1464, stack(0x0000000002580000,0x0000000002680000)]

Other Threads:
  0x0000000017396800 VMThread [stack: 0x0000000018430000,0x0000000018530000] [id=800]
  0x000000001742b800 WatcherThread [stack: 0x0000000019230000,0x0000000019330000] [id=2336]

VM state:not at safepoint (normal execution)

VM Mutex/Monitor currently owned by a thread: None

heap address: 0x0000000080000000, size: 2048 MB, Compressed Oops mode: 32-bit
Narrow klass base: 0x0000000000000000, Narrow klass shift: 3
Compressed class space size: 1073741824 Address: 0x0000000100000000

Heap:
 PSYoungGen      total 299520K, used 215125K [0x00000000d5580000, 0x00000000eca80000, 0x0000000100000000)
  eden space 273920K, 78% used [0x00000000d5580000,0x00000000e2795590,0x00000000e6100000)
  from space 25600K, 0% used [0x00000000e6100000,0x00000000e6100000,0x00000000e7a00000)
  to   space 30720K, 0% used [0x00000000eac80000,0x00000000eac80000,0x00000000eca80000)
 ParOldGen       total 159232K, used 74535K [0x0000000080000000, 0x0000000089b80000, 0x00000000d5580000)
  object space 159232K, 46% used [0x0000000080000000,0x00000000848c9fb0,0x0000000089b80000)
 Metaspace       used 94404K, capacity 98598K, committed 99112K, reserved 1134592K
  class space    used 12246K, capacity 13107K, committed 13232K, reserved 1048576K

Card table byte_map: [0x0000000011b40000,0x0000000011f50000] byte_map_base: 0x0000000011740000

Marking Bits: (ParMarkBitMap*) 0x000000006982f030
 Begin Bits: [0x0000000012600000, 0x0000000014600000)
 End Bits:   [0x0000000014600000, 0x0000000016600000)

Polling page: 0x0000000000930000

CodeCache: size=245760Kb used=43650Kb max_used=43663Kb free=202109Kb
 bounds [0x0000000002780000, 0x0000000005260000, 0x0000000011780000]
 total_blobs=13822 nmethods=12905 adapters=827
 compilation: enabled

Compilation events (10 events):
Event: 372.719 Thread 0x00000000173e3000 nmethod 15136 0x0000000005228450 code [0x0000000005228600, 0x0000000005228c18]
Event: 372.728 Thread 0x00000000173e3000 15137       3       org.gradle.api.internal.changedetection.state.ZipHasher::fingerprintZipEntries (209 bytes)
Event: 372.730 Thread 0x00000000173e3000 nmethod 15137 0x000000000523de10 code [0x000000000523e220, 0x0000000005240838]
Event: 372.744 Thread 0x00000000173db000 15138       4       java.util.zip.ZipInputStream::getNextEntry (74 bytes)
Event: 372.820 Thread 0x00000000173db000 nmethod 15138 0x000000000524dbd0 code [0x000000000524df20, 0x0000000005250810]
Event: 372.820 Thread 0x00000000173db000 15139   !   4       java.util.zip.ZipInputStream::readLOC (315 bytes)
Event: 372.824 Thread 0x00000000173e3000 15141       3       com.android.build.api.artifact.impl.SingleInitialProviderRequestImpl$on$2::transform (9 bytes)
Event: 372.824 Thread 0x00000000173e3000 nmethod 15141 0x0000000005227b90 code [0x0000000005227d20, 0x0000000005228298]
Event: 372.825 Thread 0x00000000173e3000 15142       3       org.gradle.api.internal.artifacts.ivyservice.resolveengine.artifact.DefaultVisitedArtifactResults::select (125 bytes)
Event: 372.826 Thread 0x00000000173e3000 nmethod 15142 0x000000000524c150 code [0x000000000524c3e0, 0x000000000524d3c8]

GC Heap History (10 events):
Event: 24.218 GC heap before
{Heap before GC invocations=19 (full 3):
 PSYoungGen      total 192000K, used 191437K [0x00000000d5580000, 0x00000000e6180000, 0x0000000100000000)
  eden space 175104K, 100% used [0x00000000d5580000,0x00000000e0080000,0x00000000e0080000)
  from space 16896K, 96% used [0x00000000e0080000,0x00000000e1073470,0x00000000e1100000)
  to   space 18944K, 0% used [0x00000000e4f00000,0x00000000e4f00000,0x00000000e6180000)
 ParOldGen       total 94208K, used 31290K [0x0000000080000000, 0x0000000085c00000, 0x00000000d5580000)
  object space 94208K, 33% used [0x0000000080000000,0x0000000081e8e8b8,0x0000000085c00000)
 Metaspace       used 75214K, capacity 78524K, committed 78744K, reserved 1118208K
  class space    used 10207K, capacity 10874K, committed 10928K, reserved 1048576K
Event: 24.236 GC heap after
Heap after GC invocations=19 (full 3):
 PSYoungGen      total 247296K, used 13994K [0x00000000d5580000, 0x00000000e5e80000, 0x0000000100000000)
  eden space 231424K, 0% used [0x00000000d5580000,0x00000000d5580000,0x00000000e3780000)
  from space 15872K, 88% used [0x00000000e4f00000,0x00000000e5caa868,0x00000000e5e80000)
  to   space 19968K, 0% used [0x00000000e3780000,0x00000000e3780000,0x00000000e4b00000)
 ParOldGen       total 94208K, used 40326K [0x0000000080000000, 0x0000000085c00000, 0x00000000d5580000)
  object space 94208K, 42% used [0x0000000080000000,0x0000000082761aa0,0x0000000085c00000)
 Metaspace       used 75214K, capacity 78524K, committed 78744K, reserved 1118208K
  class space    used 10207K, capacity 10874K, committed 10928K, reserved 1048576K
}
Event: 27.929 GC heap before
{Heap before GC invocations=20 (full 3):
 PSYoungGen      total 247296K, used 245418K [0x00000000d5580000, 0x00000000e5e80000, 0x0000000100000000)
  eden space 231424K, 100% used [0x00000000d5580000,0x00000000e3780000,0x00000000e3780000)
  from space 15872K, 88% used [0x00000000e4f00000,0x00000000e5caa868,0x00000000e5e80000)
  to   space 19968K, 0% used [0x00000000e3780000,0x00000000e3780000,0x00000000e4b00000)
 ParOldGen       total 94208K, used 40326K [0x0000000080000000, 0x0000000085c00000, 0x00000000d5580000)
  object space 94208K, 42% used [0x0000000080000000,0x0000000082761aa0,0x0000000085c00000)
 Metaspace       used 85006K, capacity 88964K, committed 89112K, reserved 1126400K
  class space    used 11282K, capacity 12056K, committed 12080K, reserved 1048576K
Event: 27.992 GC heap after
Heap after GC invocations=20 (full 3):
 PSYoungGen      total 251392K, used 19618K [0x00000000d5580000, 0x00000000e9480000, 0x0000000100000000)
  eden space 231424K, 0% used [0x00000000d5580000,0x00000000d5580000,0x00000000e3780000)
  from space 19968K, 98% used [0x00000000e3780000,0x00000000e4aa8b58,0x00000000e4b00000)
  to   space 23040K, 0% used [0x00000000e7e00000,0x00000000e7e00000,0x00000000e9480000)
 ParOldGen       total 94208K, used 48061K [0x0000000080000000, 0x0000000085c00000, 0x00000000d5580000)
  object space 94208K, 51% used [0x0000000080000000,0x0000000082eef408,0x0000000085c00000)
 Metaspace       used 85006K, capacity 88964K, committed 89112K, reserved 1126400K
  class space    used 11282K, capacity 12056K, committed 12080K, reserved 1048576K
}
Event: 357.753 GC heap before
{Heap before GC invocations=21 (full 3):
 PSYoungGen      total 251392K, used 251042K [0x00000000d5580000, 0x00000000e9480000, 0x0000000100000000)
  eden space 231424K, 100% used [0x00000000d5580000,0x00000000e3780000,0x00000000e3780000)
  from space 19968K, 98% used [0x00000000e3780000,0x00000000e4aa8b58,0x00000000e4b00000)
  to   space 23040K, 0% used [0x00000000e7e00000,0x00000000e7e00000,0x00000000e9480000)
 ParOldGen       total 94208K, used 48061K [0x0000000080000000, 0x0000000085c00000, 0x00000000d5580000)
  object space 94208K, 51% used [0x0000000080000000,0x0000000082eef408,0x0000000085c00000)
 Metaspace       used 89448K, capacity 93812K, committed 93848K, reserved 1130496K
  class space    used 11797K, capacity 12708K, committed 12720K, reserved 1048576K
Event: 357.786 GC heap after
Heap after GC invocations=21 (full 3):
 PSYoungGen      total 295424K, used 20286K [0x00000000d5580000, 0x00000000e9300000, 0x0000000100000000)
  eden space 273920K, 0% used [0x00000000d5580000,0x00000000d5580000,0x00000000e6100000)
  from space 21504K, 94% used [0x00000000e7e00000,0x00000000e91cf850,0x00000000e9300000)
  to   space 25600K, 0% used [0x00000000e6100000,0x00000000e6100000,0x00000000e7a00000)
 ParOldGen       total 94208K, used 60034K [0x0000000080000000, 0x0000000085c00000, 0x00000000d5580000)
  object space 94208K, 63% used [0x0000000080000000,0x0000000083aa0bd0,0x0000000085c00000)
 Metaspace       used 89448K, capacity 93812K, committed 93848K, reserved 1130496K
  class space    used 11797K, capacity 12708K, committed 12720K, reserved 1048576K
}
Event: 366.195 GC heap before
{Heap before GC invocations=22 (full 3):
 PSYoungGen      total 295424K, used 181420K [0x00000000d5580000, 0x00000000e9300000, 0x0000000100000000)
  eden space 273920K, 58% used [0x00000000d5580000,0x00000000df2db9b8,0x00000000e6100000)
  from space 21504K, 94% used [0x00000000e7e00000,0x00000000e91cf850,0x00000000e9300000)
  to   space 25600K, 0% used [0x00000000e6100000,0x00000000e6100000,0x00000000e7a00000)
 ParOldGen       total 94208K, used 60034K [0x0000000080000000, 0x0000000085c00000, 0x00000000d5580000)
  object space 94208K, 63% used [0x0000000080000000,0x0000000083aa0bd0,0x0000000085c00000)
 Metaspace       used 94066K, capacity 98464K, committed 98600K, reserved 1134592K
  class space    used 12247K, capacity 13150K, committed 13232K, reserved 1048576K
Event: 366.252 GC heap after
Heap after GC invocations=22 (full 3):
 PSYoungGen      total 299520K, used 25598K [0x00000000d5580000, 0x00000000eca80000, 0x0000000100000000)
  eden space 273920K, 0% used [0x00000000d5580000,0x00000000d5580000,0x00000000e6100000)
  from space 25600K, 99% used [0x00000000e6100000,0x00000000e79ffbd8,0x00000000e7a00000)
  to   space 30720K, 0% used [0x00000000eac80000,0x00000000eac80000,0x00000000eca80000)
 ParOldGen       total 94208K, used 62489K [0x0000000080000000, 0x0000000085c00000, 0x00000000d5580000)
  object space 94208K, 66% used [0x0000000080000000,0x0000000083d06798,0x0000000085c00000)
 Metaspace       used 94066K, capacity 98464K, committed 98600K, reserved 1134592K
  class space    used 12247K, capacity 13150K, committed 13232K, reserved 1048576K
}
Event: 366.252 GC heap before
{Heap before GC invocations=23 (full 4):
 PSYoungGen      total 299520K, used 25598K [0x00000000d5580000, 0x00000000eca80000, 0x0000000100000000)
  eden space 273920K, 0% used [0x00000000d5580000,0x00000000d5580000,0x00000000e6100000)
  from space 25600K, 99% used [0x00000000e6100000,0x00000000e79ffbd8,0x00000000e7a00000)
  to   space 30720K, 0% used [0x00000000eac80000,0x00000000eac80000,0x00000000eca80000)
 ParOldGen       total 94208K, used 62489K [0x0000000080000000, 0x0000000085c00000, 0x00000000d5580000)
  object space 94208K, 66% used [0x0000000080000000,0x0000000083d06798,0x0000000085c00000)
 Metaspace       used 94066K, capacity 98464K, committed 98600K, reserved 1134592K
  class space    used 12247K, capacity 13150K, committed 13232K, reserved 1048576K
Event: 366.954 GC heap after
Heap after GC invocations=23 (full 4):
 PSYoungGen      total 299520K, used 0K [0x00000000d5580000, 0x00000000eca80000, 0x0000000100000000)
  eden space 273920K, 0% used [0x00000000d5580000,0x00000000d5580000,0x00000000e6100000)
  from space 25600K, 0% used [0x00000000e6100000,0x00000000e6100000,0x00000000e7a00000)
  to   space 30720K, 0% used [0x00000000eac80000,0x00000000eac80000,0x00000000eca80000)
 ParOldGen       total 159232K, used 74535K [0x0000000080000000, 0x0000000089b80000, 0x00000000d5580000)
  object space 159232K, 46% used [0x0000000080000000,0x00000000848c9fb0,0x0000000089b80000)
 Metaspace       used 93894K, capacity 97982K, committed 98600K, reserved 1134592K
  class space    used 12193K, capacity 13053K, committed 13232K, reserved 1048576K
}

Deoptimization events (10 events):
Event: 367.685 Thread 0x000000001ba6e800 Uncommon trap: reason=array_check action=maybe_recompile pc=0x0000000004f5fe70 method=java.util.TimSort.reverseRange([Ljava/lang/Object;II)V @ 27
Event: 367.685 Thread 0x000000001ba6e800 Uncommon trap: reason=array_check action=maybe_recompile pc=0x0000000004e991cc method=java.util.TimSort.binarySort([Ljava/lang/Object;IIILjava/util/Comparator;)V @ 193
Event: 370.037 Thread 0x000000001ba6e800 Uncommon trap: reason=bimorphic action=maybe_recompile pc=0x0000000004b6b130 method=java.io.BufferedOutputStream.flushBuffer()V @ 20
Event: 370.111 Thread 0x000000001ba6e800 Uncommon trap: reason=bimorphic action=maybe_recompile pc=0x0000000004b6b130 method=java.io.BufferedOutputStream.flushBuffer()V @ 20
Event: 370.143 Thread 0x000000001ba6e800 Uncommon trap: reason=bimorphic action=maybe_recompile pc=0x0000000004b6b130 method=java.io.BufferedOutputStream.flushBuffer()V @ 20
Event: 370.156 Thread 0x000000001ba6e800 Uncommon trap: reason=bimorphic action=maybe_recompile pc=0x0000000004b6b130 method=java.io.BufferedOutputStream.flushBuffer()V @ 20
Event: 371.360 Thread 0x000000001ba6e800 Uncommon trap: reason=unstable_if action=reinterpret pc=0x00000000050968d0 method=java.io.PushbackInputStream.read([BII)I @ 122
Event: 371.360 Thread 0x000000001ba6e800 Uncommon trap: reason=unstable_if action=reinterpret pc=0x0000000003fced94 method=java.io.PushbackInputStream.read([BII)I @ 122
Event: 371.386 Thread 0x000000001ba6e800 Uncommon trap: reason=unstable_if action=reinterpret pc=0x0000000004ac30e4 method=org.gradle.internal.fingerprint.classpath.impl.ClasspathFingerprintingStrategy$ClasspathFingerprintVisitor.visit(Lorg/gradle/internal/snapshot/CompleteFileSystemLocationSnap
Event: 371.562 Thread 0x000000001ba6e800 Uncommon trap: reason=unstable_if action=reinterpret pc=0x000000000405d758 method=java.util.zip.ZipInputStream.readFully([BII)V @ 19

Classes redefined (0 events):
No events

Internal exceptions (10 events):
Event: 371.287 Thread 0x000000001ba6e800 Exception <a 'sun/nio/fs/WindowsException'> (0x00000000db6274e8) thrown at [C:\src\AOSP-openjdk-git\hotspot\src\share\vm\prims\jni.cpp, line 710]
Event: 371.295 Thread 0x000000001ba6e800 Exception <a 'sun/nio/fs/WindowsException'> (0x00000000db66ab68) thrown at [C:\src\AOSP-openjdk-git\hotspot\src\share\vm\prims\jni.cpp, line 710]
Event: 371.304 Thread 0x000000001ba6e800 Exception <a 'sun/nio/fs/WindowsException'> (0x00000000db6e3680) thrown at [C:\src\AOSP-openjdk-git\hotspot\src\share\vm\prims\jni.cpp, line 710]
Event: 371.312 Thread 0x000000001ba6e800 Exception <a 'sun/nio/fs/WindowsException'> (0x00000000db724090) thrown at [C:\src\AOSP-openjdk-git\hotspot\src\share\vm\prims\jni.cpp, line 710]
Event: 371.320 Thread 0x000000001ba6e800 Exception <a 'sun/nio/fs/WindowsException'> (0x00000000db764800) thrown at [C:\src\AOSP-openjdk-git\hotspot\src\share\vm\prims\jni.cpp, line 710]
Event: 371.331 Thread 0x000000001ba6e800 Exception <a 'sun/nio/fs/WindowsException'> (0x00000000db7a6860) thrown at [C:\src\AOSP-openjdk-git\hotspot\src\share\vm\prims\jni.cpp, line 710]
Event: 371.340 Thread 0x000000001ba6e800 Exception <a 'sun/nio/fs/WindowsException'> (0x00000000db7e6e60) thrown at [C:\src\AOSP-openjdk-git\hotspot\src\share\vm\prims\jni.cpp, line 710]
Event: 371.352 Thread 0x000000001ba6e800 Exception <a 'sun/nio/fs/WindowsException'> (0x00000000db82b180) thrown at [C:\src\AOSP-openjdk-git\hotspot\src\share\vm\prims\jni.cpp, line 710]
Event: 371.360 Thread 0x000000001ba6e800 Exception <a 'sun/nio/fs/WindowsException'> (0x00000000db869b38) thrown at [C:\src\AOSP-openjdk-git\hotspot\src\share\vm\prims\jni.cpp, line 710]
Event: 371.688 Thread 0x00000000173f7800 Exception <a 'java/lang/NoSuchMethodError': java.lang.Object.lambda$static$0(Ljava/lang/String;)Z> (0x00000000de2de290) thrown at [C:\src\AOSP-openjdk-git\hotspot\src\share\vm\interpreter\linkResolver.cpp, line 620]

Events (10 events):
Event: 371.703 loading class java/util/concurrent/locks/ReentrantReadWriteLock$Sync$HoldCounter
Event: 371.705 loading class java/util/concurrent/locks/ReentrantReadWriteLock$Sync$HoldCounter done
Event: 371.815 loading class com/android/build/gradle/internal/tasks/CheckDuplicatesRunnable
Event: 371.815 loading class com/android/build/gradle/internal/tasks/CheckDuplicatesRunnable done
Event: 371.816 loading class com/android/build/gradle/internal/tasks/CheckDuplicatesParams
Event: 371.816 loading class com/android/build/gradle/internal/tasks/CheckDuplicatesParams done
Event: 372.366 loading class org/gradle/api/internal/changedetection/state/ZipHasher$1
Event: 372.366 loading class org/gradle/api/internal/changedetection/state/ZipHasher$1 done
Event: 372.788 Thread 0x000000001ba6e800 DEOPT PACKING pc=0x00000000033da46f sp=0x0000000027659cb0
Event: 372.788 Thread 0x000000001ba6e800 DEOPT UNPACKING pc=0x00000000027c75d0 sp=0x0000000027659998 mode 0


Dynamic libraries:
0x00007ff6a1b50000 - 0x00007ff6a1b81000 	E:\Android Studio\jre\bin\java.exe
0x00007ffc531f0000 - 0x00007ffc533dc000 	C:\Windows\SYSTEM32\ntdll.dll
0x00007ffc45da0000 - 0x00007ffc45db2000 	C:\Program Files\AVAST Software\Avast\aswhook.dll
0x00007ffc52db0000 - 0x00007ffc52e63000 	C:\Windows\System32\KERNEL32.DLL
0x00007ffc4fdb0000 - 0x00007ffc50044000 	C:\Windows\System32\KERNELBASE.dll
0x00007ffc506a0000 - 0x00007ffc50743000 	C:\Windows\System32\ADVAPI32.dll
0x00007ffc53120000 - 0x00007ffc531be000 	C:\Windows\System32\msvcrt.dll
0x00007ffc51d90000 - 0x00007ffc51e2f000 	C:\Windows\System32\sechost.dll
0x00007ffc52ac0000 - 0x00007ffc52be0000 	C:\Windows\System32\RPCRT4.dll
0x00007ffc52510000 - 0x00007ffc526a7000 	C:\Windows\System32\USER32.dll
0x00007ffc50050000 - 0x00007ffc50070000 	C:\Windows\System32\win32u.dll
0x00007ffc529e0000 - 0x00007ffc52a09000 	C:\Windows\System32\GDI32.dll
0x00007ffc4fc10000 - 0x00007ffc4fdac000 	C:\Windows\System32\gdi32full.dll
0x00007ffc50070000 - 0x00007ffc50110000 	C:\Windows\System32\msvcp_win.dll
0x00007ffc4fa60000 - 0x00007ffc4fb5a000 	C:\Windows\System32\ucrtbase.dll
0x00007ffc38810000 - 0x00007ffc38a89000 	C:\Windows\WinSxS\amd64_microsoft.windows.common-controls_6595b64144ccf1df_6.0.17763.1757_none_de724378534a71c4\COMCTL32.dll
0x00007ffc526b0000 - 0x00007ffc529de000 	C:\Windows\System32\combase.dll
0x00007ffc50110000 - 0x00007ffc5018f000 	C:\Windows\System32\bcryptPrimitives.dll
0x00007ffc52e70000 - 0x00007ffc52e9e000 	C:\Windows\System32\IMM32.DLL
0x0000000068ea0000 - 0x0000000068f72000 	E:\Android Studio\jre\jre\bin\msvcr100.dll
0x0000000069060000 - 0x00000000698ab000 	E:\Android Studio\jre\jre\bin\server\jvm.dll
0x00007ffc50630000 - 0x00007ffc50638000 	C:\Windows\System32\PSAPI.DLL
0x00007ffc38460000 - 0x00007ffc38469000 	C:\Windows\SYSTEM32\WSOCK32.dll
0x00007ffc4ccf0000 - 0x00007ffc4cd14000 	C:\Windows\SYSTEM32\WINMM.dll
0x00007ffc462c0000 - 0x00007ffc462ca000 	C:\Windows\SYSTEM32\VERSION.dll
0x00007ffc52490000 - 0x00007ffc524fd000 	C:\Windows\System32\WS2_32.dll
0x00007ffc4c870000 - 0x00007ffc4c89d000 	C:\Windows\SYSTEM32\winmmbase.dll
0x00007ffc503d0000 - 0x00007ffc5041a000 	C:\Windows\System32\cfgmgr32.dll
0x00007ffc4b430000 - 0x00007ffc4b43f000 	E:\Android Studio\jre\jre\bin\verify.dll
0x00007ffc46070000 - 0x00007ffc46099000 	E:\Android Studio\jre\jre\bin\java.dll
0x00007ffc46050000 - 0x00007ffc46066000 	E:\Android Studio\jre\jre\bin\zip.dll
0x00007ffc50890000 - 0x00007ffc51d89000 	C:\Windows\System32\SHELL32.dll
0x00007ffc52a10000 - 0x00007ffc52ab8000 	C:\Windows\System32\shcore.dll
0x00007ffc4f2e0000 - 0x00007ffc4fa2b000 	C:\Windows\System32\windows.storage.dll
0x00007ffc4f290000 - 0x00007ffc4f2b4000 	C:\Windows\System32\profapi.dll
0x00007ffc4f210000 - 0x00007ffc4f26d000 	C:\Windows\System32\powrprof.dll
0x00007ffc50640000 - 0x00007ffc50692000 	C:\Windows\System32\shlwapi.dll
0x00007ffc4f1f0000 - 0x00007ffc4f201000 	C:\Windows\System32\kernel.appcore.dll
0x00007ffc4f2c0000 - 0x00007ffc4f2d7000 	C:\Windows\System32\cryptsp.dll
0x00007ffc46030000 - 0x00007ffc4604a000 	E:\Android Studio\jre\jre\bin\net.dll
0x00007ffc4ea50000 - 0x00007ffc4eab7000 	C:\Windows\system32\mswsock.dll
0x00007ffc45e00000 - 0x00007ffc45e13000 	E:\Android Studio\jre\jre\bin\nio.dll
0x00007ffc460e0000 - 0x00007ffc46106000 	C:\Users\User\.gradle\native\31\windows-amd64\native-platform.dll
0x00007ffc4b3a0000 - 0x00007ffc4b3ad000 	E:\Android Studio\jre\jre\bin\management.dll
0x00007ffc4e5e0000 - 0x00007ffc4e613000 	C:\Windows\system32\rsaenh.dll
0x00007ffc4fa30000 - 0x00007ffc4fa56000 	C:\Windows\System32\bcrypt.dll
0x00007ffc4f0f0000 - 0x00007ffc4f119000 	C:\Windows\SYSTEM32\USERENV.dll
0x00007ffc4ec20000 - 0x00007ffc4ec2c000 	C:\Windows\SYSTEM32\CRYPTBASE.dll
0x00007ffc4e770000 - 0x00007ffc4e7ad000 	C:\Windows\SYSTEM32\IPHLPAPI.DLL
0x00007ffc52500000 - 0x00007ffc52508000 	C:\Windows\System32\NSI.dll
0x00007ffc3b210000 - 0x00007ffc3b226000 	C:\Windows\SYSTEM32\dhcpcsvc6.DLL
0x00007ffc3b4b0000 - 0x00007ffc3b4cc000 	C:\Windows\SYSTEM32\dhcpcsvc.DLL
0x00007ffc4e7b0000 - 0x00007ffc4e876000 	C:\Windows\SYSTEM32\DNSAPI.dll
0x00007ffc46180000 - 0x00007ffc461a4000 	E:\Android Studio\jre\jre\bin\sunec.dll
0x0000000069ba0000 - 0x0000000069baa000 	C:\Program Files\National Instruments\Shared\mDNS Responder\nimdnsNSP.dll
0x0000000069b90000 - 0x0000000069ba0000 	C:\Windows\SYSTEM32\nimdnsResponder.dll
0x00007ffc29fb0000 - 0x00007ffc29fc7000 	C:\Windows\SYSTEM32\VCRUNTIME140.dll
0x00007ffc39350000 - 0x00007ffc3935a000 	C:\Windows\System32\rasadhlp.dll
0x00007ffc39d60000 - 0x00007ffc39dd9000 	C:\Windows\System32\fwpuclnt.dll
0x00007ffc4b3d0000 - 0x00007ffc4b3db000 	E:\Android Studio\jre\jre\bin\sunmscapi.dll
0x00007ffc50190000 - 0x00007ffc5036c000 	C:\Windows\System32\CRYPT32.dll
0x00007ffc4f270000 - 0x00007ffc4f282000 	C:\Windows\System32\MSASN1.dll

VM Arguments:
jvm_args: -Xmx2048m -Dfile.encoding=windows-1251 -Duser.country=RU -Duser.language=ru -Duser.variant 
java_command: org.gradle.launcher.daemon.bootstrap.GradleDaemon 6.1.1
java_class_path (initial): C:\Users\User\.gradle\wrapper\dists\gradle-6.1.1-all\cfmwm155h49vnt3hynmlrsdst\gradle-6.1.1\lib\gradle-launcher-6.1.1.jar
Launcher Type: SUN_STANDARD

Environment Variables:
PATH=C:\Windows\system32;C:\Windows;C:\Windows\System32\Wbem;C:\Windows\System32\WindowsPowerShell\v1.0\;C:\Windows\System32\OpenSSH\;C:\Program Files\dotnet\;C:\Program Files\Microsoft SQL Server\130\Tools\Binn\;C:\Program Files\Microsoft SQL Server\Client SDK\ODBC\170\Tools\Binn\;C:\Strawberry\c\bin;C:\Strawberry\perl\site\bin;C:\Strawberry\perl\bin;C:\Program Files\Git\cmd;C:\Users\User\AppData\Local\Microsoft\WindowsApps;;E:\IntelliJ IDEA Community Edition 2020.2.1\bin;
USERNAME=User
OS=Windows_NT
PROCESSOR_IDENTIFIER=Intel64 Family 6 Model 142 Stepping 11, GenuineIntel



---------------  S Y S T E M  ---------------

OS: Windows 10.0 , 64 bit Build 17763 (10.0.17763.475)

CPU:total 4 (initial active 4) (2 cores per cpu, 2 threads per core) family 6 model 142 stepping 11, cmov, cx8, fxsr, mmx, sse, sse2, sse3, ssse3, sse4.1, sse4.2, popcnt, avx, avx2, aes, clmul, erms, 3dnowpref, lzcnt, ht, tsc, tscinvbit, bmi1, bmi2, adx

Memory: 4k page, physical 8198388k(697332k free), swap 9017588k(5504k free)

vm_info: OpenJDK 64-Bit Server VM (25.242-b01) for windows-amd64 JRE (1.8.0_242-release-1644-b01), built by "builder" with MS VC++ 10.0 (VS2010)

time: Thu Mar 11 10:26:09 2021
timezone: Беларусь (зима)
elapsed time: 372 seconds (0d 0h 6m 12s)

