#
# There is insufficient memory for the Java Runtime Environment to continue.
# Native memory allocation (malloc) failed to allocate 360544 bytes for Chunk::new
# Possible reasons:
#   The system is out of physical RAM or swap space
#   The process is running with CompressedOops enabled, and the Java Heap may be blocking the growth of the native heap
# Possible solutions:
#   Reduce memory load on the system
#   Increase physical memory or swap space
#   Check if swap backing store is full
#   Decrease Java heap size (-Xmx/-Xms)
#   Decrease number of Java threads
#   Decrease Java thread stack sizes (-Xss)
#   Set larger code cache with -XX:ReservedCodeCacheSize=
#   JVM is running with Unscaled Compressed Oops mode in which the Java heap is
#     placed in the first 4GB address space. The Java Heap base address is the
#     maximum limit for the native heap growth. Please use -XX:HeapBaseMinAddress
#     to set the Java Heap base and to place the Java Heap above 4GB virtual address.
# This output file may be truncated or incomplete.
#
#  Out of Memory Error (allocation.cpp:389), pid=8716, tid=0x00000000000016fc
#
# JRE version: OpenJDK Runtime Environment (8.0_242-b01) (build 1.8.0_242-release-1644-b01)
# Java VM: OpenJDK 64-Bit Server VM (25.242-b01 mixed mode windows-amd64 compressed oops)
# Failed to write core dump. Minidumps are not enabled by default on client versions of Windows
#

---------------  T H R E A D  ---------------

Current thread (0x000000001794d000):  JavaThread "C2 CompilerThread1" daemon [_thread_in_native, id=5884, stack(0x0000000019450000,0x0000000019550000)]

Stack: [0x0000000019450000,0x0000000019550000]
[error occurred during error reporting (printing stack bounds), id 0xc0000005]

Native frames: (J=compiled Java code, j=interpreted, Vv=VM code, C=native code)


Current CompileTask:
C2:   3383 1433   !   4       java.lang.ClassLoader::loadClass (122 bytes)


---------------  P R O C E S S  ---------------

Java Threads: ( => current thread )
  0x000000001b17e000 JavaThread "Thread-9" [_thread_blocked, id=1496, stack(0x000000001d180000,0x000000001d280000)]
  0x000000001b179000 JavaThread "Stdin handler" [_thread_blocked, id=11048, stack(0x000000001d080000,0x000000001d180000)]
  0x000000001b178800 JavaThread "Asynchronous log dispatcher for DefaultDaemonConnection: socket connection from /127.0.0.1:51073 to /127.0.0.1:51074" [_thread_blocked, id=1484, stack(0x000000001cf80000,0x000000001d080000)]
  0x000000001b162800 JavaThread "Daemon worker" [_thread_in_vm, id=1976, stack(0x000000001ce80000,0x000000001cf80000)]
  0x000000001b167800 JavaThread "Cancel handler" [_thread_blocked, id=8108, stack(0x000000001cd80000,0x000000001ce80000)]
  0x000000001b142000 JavaThread "Handler for socket connection from /127.0.0.1:51073 to /127.0.0.1:51074" [_thread_in_native, id=2144, stack(0x000000001ca80000,0x000000001cb80000)]
  0x000000001b13e800 JavaThread "Daemon" [_thread_blocked, id=7216, stack(0x000000001c980000,0x000000001ca80000)]
  0x000000001b13a800 JavaThread "Daemon periodic checks" [_thread_blocked, id=6188, stack(0x000000001c880000,0x000000001c980000)]
  0x000000001b0c9800 JavaThread "Incoming local TCP Connector on port 51073" [_thread_in_native, id=4304, stack(0x000000001c630000,0x000000001c730000)]
  0x00000000190dd800 JavaThread "Daemon health stats" [_thread_blocked, id=4352, stack(0x000000001bff0000,0x000000001c0f0000)]
  0x0000000019056000 JavaThread "Service Thread" daemon [_thread_blocked, id=9136, stack(0x0000000019650000,0x0000000019750000)]
  0x000000001794e000 JavaThread "C1 CompilerThread2" daemon [_thread_blocked, id=10960, stack(0x0000000019550000,0x0000000019650000)]
=>0x000000001794d000 JavaThread "C2 CompilerThread1" daemon [_thread_in_native, id=5884, stack(0x0000000019450000,0x0000000019550000)]
  0x00000000178f7000 JavaThread "C2 CompilerThread0" daemon [_thread_blocked, id=1712, stack(0x0000000018f50000,0x0000000019050000)]
  0x00000000178f4000 JavaThread "Attach Listener" daemon [_thread_blocked, id=10900, stack(0x0000000018e50000,0x0000000018f50000)]
  0x00000000178f3000 JavaThread "Signal Dispatcher" daemon [_thread_blocked, id=10516, stack(0x0000000018d50000,0x0000000018e50000)]
  0x0000000002cca000 JavaThread "Finalizer" daemon [_thread_blocked, id=8536, stack(0x0000000018b50000,0x0000000018c50000)]
  0x0000000002cc1000 JavaThread "Reference Handler" daemon [_thread_blocked, id=10996, stack(0x0000000018a50000,0x0000000018b50000)]
  0x0000000002acd800 JavaThread "main" [_thread_blocked, id=10736, stack(0x0000000002ad0000,0x0000000002bd0000)]

Other Threads:
  0x00000000178b6800 VMThread [stack: 0x0000000018950000,0x0000000018a50000] [id=8184]
  0x0000000019056800 WatcherThread [stack: 0x0000000019750000,0x0000000019850000] [id=276]

VM state:not at safepoint (normal execution)

VM Mutex/Monitor currently owned by a thread: None

heap address: 0x0000000080000000, size: 2048 MB, Compressed Oops mode: 32-bit
Narrow klass base: 0x0000000000000000, Narrow klass shift: 3
Compressed class space size: 1073741824 Address: 0x0000000100000000

Heap:
 PSYoungGen      total 70656K, used 52431K [0x00000000d5580000, 0x00000000d9f80000, 0x0000000100000000)
  eden space 65536K, 74% used [0x00000000d5580000,0x00000000d857b8b8,0x00000000d9580000)
  from space 5120K, 64% used [0x00000000d9a80000,0x00000000d9db8598,0x00000000d9f80000)
  to   space 5120K, 0% used [0x00000000d9580000,0x00000000d9580000,0x00000000d9a80000)
 ParOldGen       total 86016K, used 16K [0x0000000080000000, 0x0000000085400000, 0x00000000d5580000)
  object space 86016K, 0% used [0x0000000080000000,0x0000000080004000,0x0000000085400000)
 Metaspace       used 12888K, capacity 13309K, committed 13440K, reserved 1060864K
  class space    used 1758K, capacity 1893K, committed 1920K, reserved 1048576K

Card table byte_map: [0x0000000012090000,0x00000000124a0000] byte_map_base: 0x0000000011c90000

Marking Bits: (ParMarkBitMap*) 0x000000006982f030
 Begin Bits: [0x0000000012b50000, 0x0000000014b50000)
 End Bits:   [0x0000000014b50000, 0x0000000016b50000)

Polling page: 0x0000000001030000

CodeCache: size=245760Kb used=5198Kb max_used=5213Kb free=240561Kb
 bounds [0x0000000002cd0000, 0x00000000031f0000, 0x0000000011cd0000]
 total_blobs=1821 nmethods=1443 adapters=291
 compilation: enabled

Compilation events (10 events):
Event: 3.350 Thread 0x000000001794e000 1440       3       java.util.LinkedList$ListItr::<init> (47 bytes)
Event: 3.351 Thread 0x00000000178f7000 1441   !   4       sun.misc.URLClassPath$JarLoader::getResource (353 bytes)
Event: 3.351 Thread 0x000000001794e000 nmethod 1440 0x00000000031e3c10 code [0x00000000031e3d80, 0x00000000031e4048]
Event: 3.358 Thread 0x000000001794e000 1442       3       java.lang.reflect.Constructor::<init> (50 bytes)
Event: 3.358 Thread 0x000000001794e000 nmethod 1442 0x00000000031e3610 code [0x00000000031e3780, 0x00000000031e3a90]
Event: 3.360 Thread 0x000000001794e000 1443       3       java.util.AbstractSequentialList::iterator (5 bytes)
Event: 3.361 Thread 0x000000001794e000 nmethod 1443 0x00000000031e30d0 code [0x00000000031e3240, 0x00000000031e3528]
Event: 3.382 Thread 0x00000000178f7000 nmethod 1441 0x00000000031e7810 code [0x00000000031e79e0, 0x00000000031e8a98]
Event: 3.382 Thread 0x00000000178f7000 1444       4       sun.misc.ProxyGenerator$ConstantPool$IndirectEntry::hashCode (15 bytes)
Event: 3.382 Thread 0x00000000178f7000 nmethod 1444 0x00000000031bb750 code [0x00000000031bb880, 0x00000000031bb8f8]

GC Heap History (4 events):
Event: 1.232 GC heap before
{Heap before GC invocations=1 (full 0):
 PSYoungGen      total 37888K, used 32768K [0x00000000d5580000, 0x00000000d7f80000, 0x0000000100000000)
  eden space 32768K, 100% used [0x00000000d5580000,0x00000000d7580000,0x00000000d7580000)
  from space 5120K, 0% used [0x00000000d7a80000,0x00000000d7a80000,0x00000000d7f80000)
  to   space 5120K, 0% used [0x00000000d7580000,0x00000000d7580000,0x00000000d7a80000)
 ParOldGen       total 86016K, used 0K [0x0000000080000000, 0x0000000085400000, 0x00000000d5580000)
  object space 86016K, 0% used [0x0000000080000000,0x0000000080000000,0x0000000085400000)
 Metaspace       used 7510K, capacity 7770K, committed 8064K, reserved 1056768K
  class space    used 924K, capacity 1034K, committed 1152K, reserved 1048576K
Event: 1.254 GC heap after
Heap after GC invocations=1 (full 0):
 PSYoungGen      total 37888K, used 4420K [0x00000000d5580000, 0x00000000d9f80000, 0x0000000100000000)
  eden space 32768K, 0% used [0x00000000d5580000,0x00000000d5580000,0x00000000d7580000)
  from space 5120K, 86% used [0x00000000d7580000,0x00000000d79d10b0,0x00000000d7a80000)
  to   space 5120K, 0% used [0x00000000d9a80000,0x00000000d9a80000,0x00000000d9f80000)
 ParOldGen       total 86016K, used 8K [0x0000000080000000, 0x0000000085400000, 0x00000000d5580000)
  object space 86016K, 0% used [0x0000000080000000,0x0000000080002000,0x0000000085400000)
 Metaspace       used 7510K, capacity 7770K, committed 8064K, reserved 1056768K
  class space    used 924K, capacity 1034K, committed 1152K, reserved 1048576K
}
Event: 1.634 GC heap before
{Heap before GC invocations=2 (full 0):
 PSYoungGen      total 37888K, used 37188K [0x00000000d5580000, 0x00000000d9f80000, 0x0000000100000000)
  eden space 32768K, 100% used [0x00000000d5580000,0x00000000d7580000,0x00000000d7580000)
  from space 5120K, 86% used [0x00000000d7580000,0x00000000d79d10b0,0x00000000d7a80000)
  to   space 5120K, 0% used [0x00000000d9a80000,0x00000000d9a80000,0x00000000d9f80000)
 ParOldGen       total 86016K, used 8K [0x0000000080000000, 0x0000000085400000, 0x00000000d5580000)
  object space 86016K, 0% used [0x0000000080000000,0x0000000080002000,0x0000000085400000)
 Metaspace       used 7750K, capacity 8018K, committed 8320K, reserved 1056768K
  class space    used 950K, capacity 1074K, committed 1152K, reserved 1048576K
Event: 1.639 GC heap after
Heap after GC invocations=2 (full 0):
 PSYoungGen      total 70656K, used 3297K [0x00000000d5580000, 0x00000000d9f80000, 0x0000000100000000)
  eden space 65536K, 0% used [0x00000000d5580000,0x00000000d5580000,0x00000000d9580000)
  from space 5120K, 64% used [0x00000000d9a80000,0x00000000d9db8598,0x00000000d9f80000)
  to   space 5120K, 0% used [0x00000000d9580000,0x00000000d9580000,0x00000000d9a80000)
 ParOldGen       total 86016K, used 16K [0x0000000080000000, 0x0000000085400000, 0x00000000d5580000)
  object space 86016K, 0% used [0x0000000080000000,0x0000000080004000,0x0000000085400000)
 Metaspace       used 7750K, capacity 8018K, committed 8320K, reserved 1056768K
  class space    used 950K, capacity 1074K, committed 1152K, reserved 1048576K
}

Deoptimization events (10 events):
Event: 1.739 Thread 0x0000000002acd800 Uncommon trap: reason=class_check action=maybe_recompile pc=0x000000000301c7d8 method=java.util.regex.Matcher.match(II)Z @ 86
Event: 1.858 Thread 0x0000000002acd800 Uncommon trap: reason=unstable_if action=reinterpret pc=0x0000000002f591fc method=java.util.HashMap.getNode(ILjava/lang/Object;)Ljava/util/HashMap$Node; @ 129
Event: 1.858 Thread 0x0000000002acd800 Uncommon trap: reason=bimorphic action=maybe_recompile pc=0x0000000002f9a1d4 method=java.util.HashMap.putVal(ILjava/lang/Object;Ljava/lang/Object;ZZ)Ljava/lang/Object; @ 203
Event: 2.196 Thread 0x0000000002acd800 Uncommon trap: reason=unstable_if action=reinterpret pc=0x0000000002fd8270 method=java.io.WinNTFileSystem.normalize(Ljava/lang/String;)Ljava/lang/String; @ 128
Event: 2.845 Thread 0x000000001b142000 Uncommon trap: reason=unstable_if action=reinterpret pc=0x00000000030ed2a8 method=java.util.concurrent.ConcurrentHashMap.putVal(Ljava/lang/Object;Ljava/lang/Object;Z)Ljava/lang/Object; @ 206
Event: 2.868 Thread 0x000000001b142000 Uncommon trap: reason=unstable_if action=reinterpret pc=0x0000000003016f54 method=java.lang.String.substring(I)Ljava/lang/String; @ 35
Event: 3.089 Thread 0x000000001b162800 Uncommon trap: reason=bimorphic action=maybe_recompile pc=0x0000000002f99f40 method=java.util.HashMap.putVal(ILjava/lang/Object;Ljava/lang/Object;ZZ)Ljava/lang/Object; @ 253
Event: 3.089 Thread 0x000000001b162800 Uncommon trap: reason=bimorphic action=maybe_recompile pc=0x0000000002f99f40 method=java.util.HashMap.putVal(ILjava/lang/Object;Ljava/lang/Object;ZZ)Ljava/lang/Object; @ 253
Event: 3.089 Thread 0x000000001b162800 Uncommon trap: reason=bimorphic action=maybe_recompile pc=0x0000000002f99f40 method=java.util.HashMap.putVal(ILjava/lang/Object;Ljava/lang/Object;ZZ)Ljava/lang/Object; @ 253
Event: 3.089 Thread 0x000000001b162800 Uncommon trap: reason=bimorphic action=maybe_recompile pc=0x0000000002fa19c8 method=java.util.HashMap.putVal(ILjava/lang/Object;Ljava/lang/Object;ZZ)Ljava/lang/Object; @ 253

Classes redefined (0 events):
No events

Internal exceptions (10 events):
Event: 2.850 Thread 0x000000001b142000 Exception <a 'java/lang/NoSuchMethodError': <clinit>> (0x00000000d7471db8) thrown at [C:\src\AOSP-openjdk-git\hotspot\src\share\vm\prims\jni.cpp, line 1615]
Event: 2.854 Thread 0x000000001b142000 Exception <a 'java/lang/NoSuchMethodError': <clinit>> (0x00000000d7484738) thrown at [C:\src\AOSP-openjdk-git\hotspot\src\share\vm\prims\jni.cpp, line 1615]
Event: 2.857 Thread 0x000000001b142000 Exception <a 'java/lang/NoSuchMethodError': <clinit>> (0x00000000d74ab430) thrown at [C:\src\AOSP-openjdk-git\hotspot\src\share\vm\prims\jni.cpp, line 1615]
Event: 2.859 Thread 0x000000001b142000 Exception <a 'java/lang/NoSuchMethodError': <clinit>> (0x00000000d74c3088) thrown at [C:\src\AOSP-openjdk-git\hotspot\src\share\vm\prims\jni.cpp, line 1615]
Event: 2.860 Thread 0x000000001b142000 Exception <a 'java/lang/NoSuchMethodError': <clinit>> (0x00000000d74cbc28) thrown at [C:\src\AOSP-openjdk-git\hotspot\src\share\vm\prims\jni.cpp, line 1615]
Event: 2.862 Thread 0x000000001b142000 Exception <a 'java/lang/NoSuchMethodError': <clinit>> (0x00000000d74e1fe8) thrown at [C:\src\AOSP-openjdk-git\hotspot\src\share\vm\prims\jni.cpp, line 1615]
Event: 2.888 Thread 0x000000001b142000 Exception <a 'java/lang/NoSuchMethodError': <clinit>> (0x00000000d7548c80) thrown at [C:\src\AOSP-openjdk-git\hotspot\src\share\vm\prims\jni.cpp, line 1615]
Event: 2.902 Thread 0x000000001b142000 Exception <a 'java/lang/NoSuchMethodError': <clinit>> (0x00000000d75753d8) thrown at [C:\src\AOSP-openjdk-git\hotspot\src\share\vm\prims\jni.cpp, line 1615]
Event: 2.913 Thread 0x000000001b142000 Exception <a 'java/lang/NoSuchMethodError': <clinit>> (0x00000000d75a3a68) thrown at [C:\src\AOSP-openjdk-git\hotspot\src\share\vm\prims\jni.cpp, line 1615]
Event: 2.914 Thread 0x000000001b142000 Exception <a 'java/lang/NoSuchMethodError': <clinit>> (0x00000000d75aea38) thrown at [C:\src\AOSP-openjdk-git\hotspot\src\share\vm\prims\jni.cpp, line 1615]

Events (10 events):
Event: 3.380 loading class com/google/common/collect/Maps$EntryTransformer
Event: 3.380 loading class com/google/common/collect/Maps$EntryTransformer done
Event: 3.381 loading class org/gradle/tooling/internal/provider/runner/OperationDependenciesResolver
Event: 3.381 loading class org/gradle/tooling/internal/provider/runner/OperationDependenciesResolver done
Event: 3.381 loading class org/gradle/tooling/internal/provider/runner/PluginApplicationTracker
Event: 3.381 loading class org/gradle/tooling/internal/provider/runner/PluginApplicationTracker done
Event: 3.382 loading class org/gradle/tooling/internal/protocol/events/InternalPluginIdentifier
Event: 3.382 loading class org/gradle/tooling/internal/protocol/events/InternalPluginIdentifier done
Event: 3.382 loading class org/gradle/tooling/internal/protocol/events/InternalBinaryPluginIdentifier
Event: 3.382 loading class org/gradle/tooling/internal/protocol/events/InternalBinaryPluginIdentifier done


Dynamic libraries:
0x00007ff6a1b50000 - 0x00007ff6a1b81000 	E:\Android Studio\jre\bin\java.exe
0x00007ffc531f0000 - 0x00007ffc533dc000 	C:\Windows\SYSTEM32\ntdll.dll
0x00007ffc45da0000 - 0x00007ffc45db2000 	C:\Program Files\AVAST Software\Avast\aswhook.dll
0x00007ffc52db0000 - 0x00007ffc52e63000 	C:\Windows\System32\KERNEL32.DLL
0x00007ffc4fdb0000 - 0x00007ffc50044000 	C:\Windows\System32\KERNELBASE.dll
0x00007ffc506a0000 - 0x00007ffc50743000 	C:\Windows\System32\ADVAPI32.dll
0x00007ffc53120000 - 0x00007ffc531be000 	C:\Windows\System32\msvcrt.dll
0x00007ffc51d90000 - 0x00007ffc51e2f000 	C:\Windows\System32\sechost.dll
0x00007ffc52ac0000 - 0x00007ffc52be0000 	C:\Windows\System32\RPCRT4.dll
0x00007ffc52510000 - 0x00007ffc526a7000 	C:\Windows\System32\USER32.dll
0x00007ffc50050000 - 0x00007ffc50070000 	C:\Windows\System32\win32u.dll
0x00007ffc529e0000 - 0x00007ffc52a09000 	C:\Windows\System32\GDI32.dll
0x00007ffc4fc10000 - 0x00007ffc4fdac000 	C:\Windows\System32\gdi32full.dll
0x00007ffc50070000 - 0x00007ffc50110000 	C:\Windows\System32\msvcp_win.dll
0x00007ffc4fa60000 - 0x00007ffc4fb5a000 	C:\Windows\System32\ucrtbase.dll
0x00007ffc38810000 - 0x00007ffc38a89000 	C:\Windows\WinSxS\amd64_microsoft.windows.common-controls_6595b64144ccf1df_6.0.17763.1757_none_de724378534a71c4\COMCTL32.dll
0x00007ffc526b0000 - 0x00007ffc529de000 	C:\Windows\System32\combase.dll
0x00007ffc50110000 - 0x00007ffc5018f000 	C:\Windows\System32\bcryptPrimitives.dll
0x00007ffc52e70000 - 0x00007ffc52e9e000 	C:\Windows\System32\IMM32.DLL
0x0000000068ea0000 - 0x0000000068f72000 	E:\Android Studio\jre\jre\bin\msvcr100.dll
0x0000000069060000 - 0x00000000698ab000 	E:\Android Studio\jre\jre\bin\server\jvm.dll
0x00007ffc50630000 - 0x00007ffc50638000 	C:\Windows\System32\PSAPI.DLL
0x00007ffc38460000 - 0x00007ffc38469000 	C:\Windows\SYSTEM32\WSOCK32.dll
0x00007ffc52490000 - 0x00007ffc524fd000 	C:\Windows\System32\WS2_32.dll
0x00007ffc4ccf0000 - 0x00007ffc4cd14000 	C:\Windows\SYSTEM32\WINMM.dll
0x00007ffc462c0000 - 0x00007ffc462ca000 	C:\Windows\SYSTEM32\VERSION.dll
0x00007ffc4c870000 - 0x00007ffc4c89d000 	C:\Windows\SYSTEM32\WINMMBASE.dll
0x00007ffc503d0000 - 0x00007ffc5041a000 	C:\Windows\System32\cfgmgr32.dll
0x00007ffc4b430000 - 0x00007ffc4b43f000 	E:\Android Studio\jre\jre\bin\verify.dll
0x00007ffc46070000 - 0x00007ffc46099000 	E:\Android Studio\jre\jre\bin\java.dll
0x00007ffc46050000 - 0x00007ffc46066000 	E:\Android Studio\jre\jre\bin\zip.dll
0x00007ffc50890000 - 0x00007ffc51d89000 	C:\Windows\System32\SHELL32.dll
0x00007ffc52a10000 - 0x00007ffc52ab8000 	C:\Windows\System32\shcore.dll
0x00007ffc4f2e0000 - 0x00007ffc4fa2b000 	C:\Windows\System32\windows.storage.dll
0x00007ffc4f290000 - 0x00007ffc4f2b4000 	C:\Windows\System32\profapi.dll
0x00007ffc4f210000 - 0x00007ffc4f26d000 	C:\Windows\System32\powrprof.dll
0x00007ffc50640000 - 0x00007ffc50692000 	C:\Windows\System32\shlwapi.dll
0x00007ffc4f1f0000 - 0x00007ffc4f201000 	C:\Windows\System32\kernel.appcore.dll
0x00007ffc4f2c0000 - 0x00007ffc4f2d7000 	C:\Windows\System32\cryptsp.dll
0x00007ffc46030000 - 0x00007ffc4604a000 	E:\Android Studio\jre\jre\bin\net.dll
0x00007ffc4ea50000 - 0x00007ffc4eab7000 	C:\Windows\system32\mswsock.dll
0x00007ffc45e00000 - 0x00007ffc45e13000 	E:\Android Studio\jre\jre\bin\nio.dll
0x00007ffc3d370000 - 0x00007ffc3d396000 	C:\Users\User\.gradle\native\31\windows-amd64\native-platform.dll
0x00007ffc4b3a0000 - 0x00007ffc4b3ad000 	E:\Android Studio\jre\jre\bin\management.dll
0x00007ffc4e5e0000 - 0x00007ffc4e613000 	C:\Windows\system32\rsaenh.dll
0x00007ffc4fa30000 - 0x00007ffc4fa56000 	C:\Windows\System32\bcrypt.dll
0x00007ffc4f0f0000 - 0x00007ffc4f119000 	C:\Windows\SYSTEM32\USERENV.dll
0x00007ffc4ec20000 - 0x00007ffc4ec2c000 	C:\Windows\SYSTEM32\CRYPTBASE.dll
0x00007ffc4e770000 - 0x00007ffc4e7ad000 	C:\Windows\SYSTEM32\IPHLPAPI.DLL
0x00007ffc52500000 - 0x00007ffc52508000 	C:\Windows\System32\NSI.dll
0x00007ffc3b210000 - 0x00007ffc3b226000 	C:\Windows\SYSTEM32\dhcpcsvc6.DLL
0x00007ffc3b4b0000 - 0x00007ffc3b4cc000 	C:\Windows\SYSTEM32\dhcpcsvc.DLL
0x00007ffc4e7b0000 - 0x00007ffc4e876000 	C:\Windows\SYSTEM32\DNSAPI.dll

VM Arguments:
jvm_args: -Xmx2048m -Dfile.encoding=windows-1251 -Duser.country=RU -Duser.language=ru -Duser.variant 
java_command: org.gradle.launcher.daemon.bootstrap.GradleDaemon 6.1.1
java_class_path (initial): C:\Users\User\.gradle\wrapper\dists\gradle-6.1.1-all\cfmwm155h49vnt3hynmlrsdst\gradle-6.1.1\lib\gradle-launcher-6.1.1.jar
Launcher Type: SUN_STANDARD

Environment Variables:
PATH=C:\Windows\system32;C:\Windows;C:\Windows\System32\Wbem;C:\Windows\System32\WindowsPowerShell\v1.0\;C:\Windows\System32\OpenSSH\;C:\Program Files\dotnet\;C:\Program Files\Microsoft SQL Server\130\Tools\Binn\;C:\Program Files\Microsoft SQL Server\Client SDK\ODBC\170\Tools\Binn\;C:\Strawberry\c\bin;C:\Strawberry\perl\site\bin;C:\Strawberry\perl\bin;C:\Program Files\Git\cmd;C:\Users\User\AppData\Local\Microsoft\WindowsApps;;E:\IntelliJ IDEA Community Edition 2020.2.1\bin;
USERNAME=User
OS=Windows_NT
PROCESSOR_IDENTIFIER=Intel64 Family 6 Model 142 Stepping 11, GenuineIntel



---------------  S Y S T E M  ---------------

OS: Windows 10.0 , 64 bit Build 17763 (10.0.17763.475)

CPU:total 4 (initial active 4) (2 cores per cpu, 2 threads per core) family 6 model 142 stepping 11, cmov, cx8, fxsr, mmx, sse, sse2, sse3, ssse3, sse4.1, sse4.2, popcnt, avx, avx2, aes, clmul, erms, 3dnowpref, lzcnt, ht, tsc, tscinvbit, bmi1, bmi2, adx

Memory: 4k page, physical 8198388k(519680k free), swap 9017588k(2892k free)

vm_info: OpenJDK 64-Bit Server VM (25.242-b01) for windows-amd64 JRE (1.8.0_242-release-1644-b01), built by "builder" with MS VC++ 10.0 (VS2010)

time: Thu Mar 11 10:17:58 2021
timezone: Беларусь (зима)
elapsed time: 3 seconds (0d 0h 0m 3s)

