#
# There is insufficient memory for the Java Runtime Environment to continue.
# Native memory allocation (malloc) failed to allocate 1507872 bytes for Chunk::new
# Possible reasons:
#   The system is out of physical RAM or swap space
#   The process is running with CompressedOops enabled, and the Java Heap may be blocking the growth of the native heap
# Possible solutions:
#   Reduce memory load on the system
#   Increase physical memory or swap space
#   Check if swap backing store is full
#   Decrease Java heap size (-Xmx/-Xms)
#   Decrease number of Java threads
#   Decrease Java thread stack sizes (-Xss)
#   Set larger code cache with -XX:ReservedCodeCacheSize=
#   JVM is running with Unscaled Compressed Oops mode in which the Java heap is
#     placed in the first 4GB address space. The Java Heap base address is the
#     maximum limit for the native heap growth. Please use -XX:HeapBaseMinAddress
#     to set the Java Heap base and to place the Java Heap above 4GB virtual address.
# This output file may be truncated or incomplete.
#
#  Out of Memory Error (allocation.cpp:389), pid=3504, tid=0x0000000000002518
#
# JRE version: OpenJDK Runtime Environment (8.0_242-b01) (build 1.8.0_242-release-1644-b01)
# Java VM: OpenJDK 64-Bit Server VM (25.242-b01 mixed mode windows-amd64 compressed oops)
# Failed to write core dump. Minidumps are not enabled by default on client versions of Windows
#

---------------  T H R E A D  ---------------

Current thread (0x0000000017c85000):  JavaThread "C2 CompilerThread1" daemon [_thread_in_native, id=9496, stack(0x0000000019380000,0x0000000019480000)]

Stack: [0x0000000019380000,0x0000000019480000]
[error occurred during error reporting (printing stack bounds), id 0xc0000005]

Native frames: (J=compiled Java code, j=interpreted, Vv=VM code, C=native code)


Current CompileTask:
C2:   3621 1462       4       java.net.URLClassLoader$1::run (5 bytes)


---------------  P R O C E S S  ---------------

Java Threads: ( => current thread )
  0x000000001b795800 JavaThread "Cache worker for file hash cache (C:\Users\User\.gradle\caches\6.1.1\fileHashes)" [_thread_blocked, id=11336, stack(0x000000001d9b0000,0x000000001dab0000)]
  0x000000001b797000 JavaThread "File lock request listener" [_thread_in_native, id=3188, stack(0x000000001d8b0000,0x000000001d9b0000)]
  0x000000001b79b000 JavaThread "Cache worker for journal cache (C:\Users\User\.gradle\caches\journal-1)" [_thread_blocked, id=8612, stack(0x000000001d7b0000,0x000000001d8b0000)]
  0x000000001b708800 JavaThread "Thread-9" [_thread_blocked, id=860, stack(0x000000001d4b0000,0x000000001d5b0000)]
  0x000000001b6f1800 JavaThread "Stdin handler" [_thread_blocked, id=6640, stack(0x000000001d3b0000,0x000000001d4b0000)]
  0x000000001b705800 JavaThread "Asynchronous log dispatcher for DefaultDaemonConnection: socket connection from /127.0.0.1:51043 to /127.0.0.1:51044" [_thread_blocked, id=1200, stack(0x000000001d2b0000,0x000000001d3b0000)]
  0x000000001b723000 JavaThread "Daemon worker" [_thread_in_vm, id=3196, stack(0x000000001d1b0000,0x000000001d2b0000)]
  0x000000001b722800 JavaThread "Cancel handler" [_thread_blocked, id=3224, stack(0x000000001d0b0000,0x000000001d1b0000)]
  0x000000001b713800 JavaThread "Handler for socket connection from /127.0.0.1:51043 to /127.0.0.1:51044" [_thread_in_native, id=11000, stack(0x000000001cdb0000,0x000000001ceb0000)]
  0x000000001b710800 JavaThread "Daemon" [_thread_blocked, id=9480, stack(0x000000001ccb0000,0x000000001cdb0000)]
  0x000000001b6c1800 JavaThread "Daemon periodic checks" [_thread_blocked, id=8128, stack(0x000000001cbb0000,0x000000001ccb0000)]
  0x000000001b670000 JavaThread "Incoming local TCP Connector on port 51043" [_thread_in_native, id=4504, stack(0x000000001c960000,0x000000001ca60000)]
  0x000000001b573800 JavaThread "Daemon health stats" [_thread_blocked, id=7376, stack(0x000000001c320000,0x000000001c420000)]
  0x0000000017c8b800 JavaThread "Service Thread" daemon [_thread_blocked, id=11880, stack(0x0000000019980000,0x0000000019a80000)]
  0x0000000019488800 JavaThread "C1 CompilerThread2" daemon [_thread_blocked, id=4424, stack(0x0000000019880000,0x0000000019980000)]
=>0x0000000017c85000 JavaThread "C2 CompilerThread1" daemon [_thread_in_native, id=9496, stack(0x0000000019380000,0x0000000019480000)]
  0x0000000017c37000 JavaThread "C2 CompilerThread0" daemon [_thread_in_native, id=1012, stack(0x0000000019280000,0x0000000019380000)]
  0x0000000017c34000 JavaThread "Attach Listener" daemon [_thread_blocked, id=4012, stack(0x0000000019180000,0x0000000019280000)]
  0x0000000017c33000 JavaThread "Signal Dispatcher" daemon [_thread_blocked, id=10504, stack(0x0000000019080000,0x0000000019180000)]
  0x000000000300a000 JavaThread "Finalizer" daemon [_thread_blocked, id=10580, stack(0x0000000018e80000,0x0000000018f80000)]
  0x0000000003001000 JavaThread "Reference Handler" daemon [_thread_blocked, id=11692, stack(0x0000000018d80000,0x0000000018e80000)]
  0x0000000002f0d800 JavaThread "main" [_thread_blocked, id=3932, stack(0x0000000002d40000,0x0000000002e40000)]

Other Threads:
  0x0000000017bf6800 VMThread [stack: 0x0000000018c80000,0x0000000018d80000] [id=4388]
  0x0000000017c8c800 WatcherThread [stack: 0x0000000019a80000,0x0000000019b80000] [id=9772]

VM state:not at safepoint (normal execution)

VM Mutex/Monitor currently owned by a thread: None

heap address: 0x0000000080000000, size: 2048 MB, Compressed Oops mode: 32-bit
Narrow klass base: 0x0000000000000000, Narrow klass shift: 3
Compressed class space size: 1073741824 Address: 0x0000000100000000

Heap:
 PSYoungGen      total 37888K, used 22200K [0x00000000d5580000, 0x00000000d9f80000, 0x0000000100000000)
  eden space 32768K, 52% used [0x00000000d5580000,0x00000000d66359b8,0x00000000d7580000)
  from space 5120K, 99% used [0x00000000d7a80000,0x00000000d7f78930,0x00000000d7f80000)
  to   space 5120K, 0% used [0x00000000d7580000,0x00000000d7580000,0x00000000d7a80000)
 ParOldGen       total 86016K, used 3543K [0x0000000080000000, 0x0000000085400000, 0x00000000d5580000)
  object space 86016K, 4% used [0x0000000080000000,0x0000000080375dc0,0x0000000085400000)
 Metaspace       used 16129K, capacity 16558K, committed 16768K, reserved 1062912K
  class space    used 2181K, capacity 2346K, committed 2432K, reserved 1048576K

Card table byte_map: [0x00000000123d0000,0x00000000127e0000] byte_map_base: 0x0000000011fd0000

Marking Bits: (ParMarkBitMap*) 0x000000006982f030
 Begin Bits: [0x0000000012e90000, 0x0000000014e90000)
 End Bits:   [0x0000000014e90000, 0x0000000016e90000)

Polling page: 0x0000000001170000

CodeCache: size=245760Kb used=5442Kb max_used=5442Kb free=240317Kb
 bounds [0x0000000003010000, 0x0000000003570000, 0x0000000012010000]
 total_blobs=1901 nmethods=1507 adapters=307
 compilation: enabled

Compilation events (10 events):
Event: 3.574 Thread 0x0000000019488800 1506       3       java.util.concurrent.locks.AbstractQueuedSynchronizer::setState (6 bytes)
Event: 3.574 Thread 0x0000000019488800 nmethod 1506 0x000000000355eed0 code [0x000000000355f020, 0x000000000355f170]
Event: 3.578 Thread 0x0000000019488800 1507       3       sun.reflect.ReflectionFactory::inflationThreshold (4 bytes)
Event: 3.578 Thread 0x0000000019488800 nmethod 1507 0x000000000355f1d0 code [0x000000000355f320, 0x000000000355f450]
Event: 3.580 Thread 0x0000000019488800 1508       3       org.gradle.internal.service.DefaultServiceRegistry$SingletonService::getService (18 bytes)
Event: 3.581 Thread 0x0000000019488800 nmethod 1508 0x000000000355f850 code [0x000000000355f9e0, 0x000000000355fc58]
Event: 3.581 Thread 0x0000000019488800 1509       3       org.gradle.internal.service.DefaultServiceRegistry::access$1200 (6 bytes)
Event: 3.581 Thread 0x0000000019488800 nmethod 1509 0x000000000355fd50 code [0x000000000355fec0, 0x0000000003560028]
Event: 3.600 Thread 0x0000000019488800 1510   !   3       java.lang.StringCoding::decode (120 bytes)
Event: 3.601 Thread 0x0000000019488800 nmethod 1510 0x00000000035600d0 code [0x0000000003560400, 0x0000000003561e18]

GC Heap History (8 events):
Event: 1.036 GC heap before
{Heap before GC invocations=1 (full 0):
 PSYoungGen      total 37888K, used 32768K [0x00000000d5580000, 0x00000000d7f80000, 0x0000000100000000)
  eden space 32768K, 100% used [0x00000000d5580000,0x00000000d7580000,0x00000000d7580000)
  from space 5120K, 0% used [0x00000000d7a80000,0x00000000d7a80000,0x00000000d7f80000)
  to   space 5120K, 0% used [0x00000000d7580000,0x00000000d7580000,0x00000000d7a80000)
 ParOldGen       total 86016K, used 0K [0x0000000080000000, 0x0000000085400000, 0x00000000d5580000)
  object space 86016K, 0% used [0x0000000080000000,0x0000000080000000,0x0000000085400000)
 Metaspace       used 7515K, capacity 7770K, committed 8064K, reserved 1056768K
  class space    used 924K, capacity 1034K, committed 1152K, reserved 1048576K
Event: 1.043 GC heap after
Heap after GC invocations=1 (full 0):
 PSYoungGen      total 37888K, used 4422K [0x00000000d5580000, 0x00000000d7f80000, 0x0000000100000000)
  eden space 32768K, 0% used [0x00000000d5580000,0x00000000d5580000,0x00000000d7580000)
  from space 5120K, 86% used [0x00000000d7580000,0x00000000d79d1aa8,0x00000000d7a80000)
  to   space 5120K, 0% used [0x00000000d7a80000,0x00000000d7a80000,0x00000000d7f80000)
 ParOldGen       total 86016K, used 16K [0x0000000080000000, 0x0000000085400000, 0x00000000d5580000)
  object space 86016K, 0% used [0x0000000080000000,0x0000000080004000,0x0000000085400000)
 Metaspace       used 7515K, capacity 7770K, committed 8064K, reserved 1056768K
  class space    used 924K, capacity 1034K, committed 1152K, reserved 1048576K
}
Event: 1.518 GC heap before
{Heap before GC invocations=2 (full 0):
 PSYoungGen      total 37888K, used 37190K [0x00000000d5580000, 0x00000000d7f80000, 0x0000000100000000)
  eden space 32768K, 100% used [0x00000000d5580000,0x00000000d7580000,0x00000000d7580000)
  from space 5120K, 86% used [0x00000000d7580000,0x00000000d79d1aa8,0x00000000d7a80000)
  to   space 5120K, 0% used [0x00000000d7a80000,0x00000000d7a80000,0x00000000d7f80000)
 ParOldGen       total 86016K, used 16K [0x0000000080000000, 0x0000000085400000, 0x00000000d5580000)
  object space 86016K, 0% used [0x0000000080000000,0x0000000080004000,0x0000000085400000)
 Metaspace       used 7755K, capacity 8082K, committed 8320K, reserved 1056768K
  class space    used 950K, capacity 1074K, committed 1152K, reserved 1048576K
Event: 1.521 GC heap after
Heap after GC invocations=2 (full 0):
 PSYoungGen      total 37888K, used 3309K [0x00000000d5580000, 0x00000000d7f80000, 0x0000000100000000)
  eden space 32768K, 0% used [0x00000000d5580000,0x00000000d5580000,0x00000000d7580000)
  from space 5120K, 64% used [0x00000000d7a80000,0x00000000d7dbb770,0x00000000d7f80000)
  to   space 5120K, 0% used [0x00000000d7580000,0x00000000d7580000,0x00000000d7a80000)
 ParOldGen       total 86016K, used 24K [0x0000000080000000, 0x0000000085400000, 0x00000000d5580000)
  object space 86016K, 0% used [0x0000000080000000,0x0000000080006000,0x0000000085400000)
 Metaspace       used 7755K, capacity 8082K, committed 8320K, reserved 1056768K
  class space    used 950K, capacity 1074K, committed 1152K, reserved 1048576K
}
Event: 2.820 GC heap before
{Heap before GC invocations=3 (full 0):
 PSYoungGen      total 37888K, used 36077K [0x00000000d5580000, 0x00000000d7f80000, 0x0000000100000000)
  eden space 32768K, 100% used [0x00000000d5580000,0x00000000d7580000,0x00000000d7580000)
  from space 5120K, 64% used [0x00000000d7a80000,0x00000000d7dbb770,0x00000000d7f80000)
  to   space 5120K, 0% used [0x00000000d7580000,0x00000000d7580000,0x00000000d7a80000)
 ParOldGen       total 86016K, used 24K [0x0000000080000000, 0x0000000085400000, 0x00000000d5580000)
  object space 86016K, 0% used [0x0000000080000000,0x0000000080006000,0x0000000085400000)
 Metaspace       used 12051K, capacity 12308K, committed 12544K, reserved 1060864K
  class space    used 1602K, capacity 1724K, committed 1792K, reserved 1048576K
Event: 2.826 GC heap after
Heap after GC invocations=3 (full 0):
 PSYoungGen      total 37888K, used 5088K [0x00000000d5580000, 0x00000000d7f80000, 0x0000000100000000)
  eden space 32768K, 0% used [0x00000000d5580000,0x00000000d5580000,0x00000000d7580000)
  from space 5120K, 99% used [0x00000000d7580000,0x00000000d7a78020,0x00000000d7a80000)
  to   space 5120K, 0% used [0x00000000d7a80000,0x00000000d7a80000,0x00000000d7f80000)
 ParOldGen       total 86016K, used 1051K [0x0000000080000000, 0x0000000085400000, 0x00000000d5580000)
  object space 86016K, 1% used [0x0000000080000000,0x0000000080106f30,0x0000000085400000)
 Metaspace       used 12051K, capacity 12308K, committed 12544K, reserved 1060864K
  class space    used 1602K, capacity 1724K, committed 1792K, reserved 1048576K
}
Event: 3.356 GC heap before
{Heap before GC invocations=4 (full 0):
 PSYoungGen      total 37888K, used 37856K [0x00000000d5580000, 0x00000000d7f80000, 0x0000000100000000)
  eden space 32768K, 100% used [0x00000000d5580000,0x00000000d7580000,0x00000000d7580000)
  from space 5120K, 99% used [0x00000000d7580000,0x00000000d7a78020,0x00000000d7a80000)
  to   space 5120K, 0% used [0x00000000d7a80000,0x00000000d7a80000,0x00000000d7f80000)
 ParOldGen       total 86016K, used 1051K [0x0000000080000000, 0x0000000085400000, 0x00000000d5580000)
  object space 86016K, 1% used [0x0000000080000000,0x0000000080106f30,0x0000000085400000)
 Metaspace       used 15288K, capacity 15676K, committed 15872K, reserved 1062912K
  class space    used 2038K, capacity 2180K, committed 2304K, reserved 1048576K
Event: 3.374 GC heap after
Heap after GC invocations=4 (full 0):
 PSYoungGen      total 37888K, used 5090K [0x00000000d5580000, 0x00000000d9f80000, 0x0000000100000000)
  eden space 32768K, 0% used [0x00000000d5580000,0x00000000d5580000,0x00000000d7580000)
  from space 5120K, 99% used [0x00000000d7a80000,0x00000000d7f78930,0x00000000d7f80000)
  to   space 5120K, 0% used [0x00000000d7580000,0x00000000d7580000,0x00000000d7a80000)
 ParOldGen       total 86016K, used 3543K [0x0000000080000000, 0x0000000085400000, 0x00000000d5580000)
  object space 86016K, 4% used [0x0000000080000000,0x0000000080375dc0,0x0000000085400000)
 Metaspace       used 15288K, capacity 15676K, committed 15872K, reserved 1062912K
  class space    used 2038K, capacity 2180K, committed 2304K, reserved 1048576K
}

Deoptimization events (10 events):
Event: 2.729 Thread 0x000000001b713800 Uncommon trap: reason=unstable_if action=reinterpret pc=0x000000000341d0e8 method=java.util.concurrent.ConcurrentHashMap.putVal(Ljava/lang/Object;Ljava/lang/Object;Z)Ljava/lang/Object; @ 206
Event: 2.812 Thread 0x000000001b723000 Uncommon trap: reason=bimorphic action=maybe_recompile pc=0x00000000032de6f0 method=java.util.HashMap.putVal(ILjava/lang/Object;Ljava/lang/Object;ZZ)Ljava/lang/Object; @ 253
Event: 2.813 Thread 0x000000001b723000 Uncommon trap: reason=bimorphic action=maybe_recompile pc=0x00000000032de6f0 method=java.util.HashMap.putVal(ILjava/lang/Object;Ljava/lang/Object;ZZ)Ljava/lang/Object; @ 253
Event: 2.813 Thread 0x000000001b723000 Uncommon trap: reason=bimorphic action=maybe_recompile pc=0x00000000032de6f0 method=java.util.HashMap.putVal(ILjava/lang/Object;Ljava/lang/Object;ZZ)Ljava/lang/Object; @ 253
Event: 3.127 Thread 0x000000001b723000 Uncommon trap: reason=class_check action=maybe_recompile pc=0x00000000033568d8 method=java.util.regex.Matcher.match(II)Z @ 86
Event: 3.127 Thread 0x000000001b723000 Uncommon trap: reason=class_check action=maybe_recompile pc=0x00000000033568d8 method=java.util.regex.Matcher.match(II)Z @ 86
Event: 3.128 Thread 0x000000001b723000 Uncommon trap: reason=class_check action=maybe_recompile pc=0x00000000033568d8 method=java.util.regex.Matcher.match(II)Z @ 86
Event: 3.128 Thread 0x000000001b723000 Uncommon trap: reason=class_check action=maybe_recompile pc=0x00000000031d0660 method=java.util.regex.Matcher.match(II)Z @ 86
Event: 3.587 Thread 0x000000001b723000 Uncommon trap: reason=unstable_if action=reinterpret pc=0x000000000335379c method=java.io.File.getName()Ljava/lang/String; @ 16
Event: 3.587 Thread 0x000000001b723000 Uncommon trap: reason=unstable_if action=reinterpret pc=0x000000000334f3d4 method=java.lang.String.substring(I)Ljava/lang/String; @ 35

Classes redefined (0 events):
No events

Internal exceptions (10 events):
Event: 0.771 Thread 0x0000000002f0d800 Exception <a 'java/lang/ArrayIndexOutOfBoundsException'> (0x00000000d6aeb998) thrown at [C:\src\AOSP-openjdk-git\hotspot\src\share\vm\runtime\sharedRuntime.cpp, line 605]
Event: 0.771 Thread 0x0000000002f0d800 Exception <a 'java/lang/ArrayIndexOutOfBoundsException'> (0x00000000d6aed498) thrown at [C:\src\AOSP-openjdk-git\hotspot\src\share\vm\runtime\sharedRuntime.cpp, line 605]
Event: 2.680 Thread 0x0000000002f0d800 Exception <a 'java/io/IOException'> (0x00000000d7149cf8) thrown at [C:\src\AOSP-openjdk-git\hotspot\src\share\vm\prims\jni.cpp, line 710]
Event: 2.730 Thread 0x000000001b713800 Exception <a 'java/lang/NoSuchMethodError': <clinit>> (0x00000000d7323c40) thrown at [C:\src\AOSP-openjdk-git\hotspot\src\share\vm\prims\jni.cpp, line 1615]
Event: 2.732 Thread 0x000000001b713800 Exception <a 'java/lang/NoSuchMethodError': <clinit>> (0x00000000d732d348) thrown at [C:\src\AOSP-openjdk-git\hotspot\src\share\vm\prims\jni.cpp, line 1615]
Event: 2.736 Thread 0x000000001b713800 Exception <a 'java/lang/NoSuchMethodError': <clinit>> (0x00000000d7341c30) thrown at [C:\src\AOSP-openjdk-git\hotspot\src\share\vm\prims\jni.cpp, line 1615]
Event: 2.747 Thread 0x000000001b713800 Exception <a 'java/lang/NoSuchMethodError': <clinit>> (0x00000000d7399ce8) thrown at [C:\src\AOSP-openjdk-git\hotspot\src\share\vm\prims\jni.cpp, line 1615]
Event: 2.755 Thread 0x000000001b713800 Exception <a 'java/lang/NoSuchMethodError': <clinit>> (0x00000000d73d1680) thrown at [C:\src\AOSP-openjdk-git\hotspot\src\share\vm\prims\jni.cpp, line 1615]
Event: 2.775 Thread 0x000000001b713800 Exception <a 'java/lang/NoSuchMethodError': <clinit>> (0x00000000d7406ec8) thrown at [C:\src\AOSP-openjdk-git\hotspot\src\share\vm\prims\jni.cpp, line 1615]
Event: 2.776 Thread 0x000000001b713800 Exception <a 'java/lang/NoSuchMethodError': <clinit>> (0x00000000d7411f50) thrown at [C:\src\AOSP-openjdk-git\hotspot\src\share\vm\prims\jni.cpp, line 1615]

Events (10 events):
Event: 3.606 loading class org/apache/commons/io/output/NullOutputStream
Event: 3.606 loading class org/apache/commons/io/output/NullOutputStream done
Event: 3.607 loading class java/math/BigInteger
Event: 3.608 loading class java/math/BigInteger done
Event: 3.610 loading class org/gradle/internal/snapshot/CaseSensitivity
Event: 3.610 loading class org/gradle/internal/snapshot/CaseSensitivity done
Event: 3.611 loading class org/apache/tools/ant/DirectoryScanner
Event: 3.611 loading class org/apache/tools/ant/DirectoryScanner done
Event: 3.614 loading class org/apache/tools/ant/FileScanner
Event: 3.614 loading class org/apache/tools/ant/FileScanner done


Dynamic libraries:
0x00007ff6a1b50000 - 0x00007ff6a1b81000 	E:\Android Studio\jre\bin\java.exe
0x00007ffc531f0000 - 0x00007ffc533dc000 	C:\Windows\SYSTEM32\ntdll.dll
0x00007ffc45da0000 - 0x00007ffc45db2000 	C:\Program Files\AVAST Software\Avast\aswhook.dll
0x00007ffc52db0000 - 0x00007ffc52e63000 	C:\Windows\System32\KERNEL32.DLL
0x00007ffc4fdb0000 - 0x00007ffc50044000 	C:\Windows\System32\KERNELBASE.dll
0x00007ffc506a0000 - 0x00007ffc50743000 	C:\Windows\System32\ADVAPI32.dll
0x00007ffc53120000 - 0x00007ffc531be000 	C:\Windows\System32\msvcrt.dll
0x00007ffc51d90000 - 0x00007ffc51e2f000 	C:\Windows\System32\sechost.dll
0x00007ffc52ac0000 - 0x00007ffc52be0000 	C:\Windows\System32\RPCRT4.dll
0x00007ffc52510000 - 0x00007ffc526a7000 	C:\Windows\System32\USER32.dll
0x00007ffc50050000 - 0x00007ffc50070000 	C:\Windows\System32\win32u.dll
0x00007ffc529e0000 - 0x00007ffc52a09000 	C:\Windows\System32\GDI32.dll
0x00007ffc4fc10000 - 0x00007ffc4fdac000 	C:\Windows\System32\gdi32full.dll
0x00007ffc50070000 - 0x00007ffc50110000 	C:\Windows\System32\msvcp_win.dll
0x00007ffc4fa60000 - 0x00007ffc4fb5a000 	C:\Windows\System32\ucrtbase.dll
0x00007ffc38810000 - 0x00007ffc38a89000 	C:\Windows\WinSxS\amd64_microsoft.windows.common-controls_6595b64144ccf1df_6.0.17763.1757_none_de724378534a71c4\COMCTL32.dll
0x00007ffc526b0000 - 0x00007ffc529de000 	C:\Windows\System32\combase.dll
0x00007ffc50110000 - 0x00007ffc5018f000 	C:\Windows\System32\bcryptPrimitives.dll
0x00007ffc52e70000 - 0x00007ffc52e9e000 	C:\Windows\System32\IMM32.DLL
0x0000000068ea0000 - 0x0000000068f72000 	E:\Android Studio\jre\jre\bin\msvcr100.dll
0x0000000069060000 - 0x00000000698ab000 	E:\Android Studio\jre\jre\bin\server\jvm.dll
0x00007ffc50630000 - 0x00007ffc50638000 	C:\Windows\System32\PSAPI.DLL
0x00007ffc38460000 - 0x00007ffc38469000 	C:\Windows\SYSTEM32\WSOCK32.dll
0x00007ffc52490000 - 0x00007ffc524fd000 	C:\Windows\System32\WS2_32.dll
0x00007ffc4ccf0000 - 0x00007ffc4cd14000 	C:\Windows\SYSTEM32\WINMM.dll
0x00007ffc462c0000 - 0x00007ffc462ca000 	C:\Windows\SYSTEM32\VERSION.dll
0x00007ffc4c870000 - 0x00007ffc4c89d000 	C:\Windows\SYSTEM32\WINMMBASE.dll
0x00007ffc503d0000 - 0x00007ffc5041a000 	C:\Windows\System32\cfgmgr32.dll
0x00007ffc4b430000 - 0x00007ffc4b43f000 	E:\Android Studio\jre\jre\bin\verify.dll
0x00007ffc46070000 - 0x00007ffc46099000 	E:\Android Studio\jre\jre\bin\java.dll
0x00007ffc46050000 - 0x00007ffc46066000 	E:\Android Studio\jre\jre\bin\zip.dll
0x00007ffc50890000 - 0x00007ffc51d89000 	C:\Windows\System32\SHELL32.dll
0x00007ffc52a10000 - 0x00007ffc52ab8000 	C:\Windows\System32\shcore.dll
0x00007ffc4f2e0000 - 0x00007ffc4fa2b000 	C:\Windows\System32\windows.storage.dll
0x00007ffc4f290000 - 0x00007ffc4f2b4000 	C:\Windows\System32\profapi.dll
0x00007ffc4f210000 - 0x00007ffc4f26d000 	C:\Windows\System32\powrprof.dll
0x00007ffc50640000 - 0x00007ffc50692000 	C:\Windows\System32\shlwapi.dll
0x00007ffc4f1f0000 - 0x00007ffc4f201000 	C:\Windows\System32\kernel.appcore.dll
0x00007ffc4f2c0000 - 0x00007ffc4f2d7000 	C:\Windows\System32\cryptsp.dll
0x00007ffc46030000 - 0x00007ffc4604a000 	E:\Android Studio\jre\jre\bin\net.dll
0x00007ffc4ea50000 - 0x00007ffc4eab7000 	C:\Windows\system32\mswsock.dll
0x00007ffc45e00000 - 0x00007ffc45e13000 	E:\Android Studio\jre\jre\bin\nio.dll
0x00007ffc3d370000 - 0x00007ffc3d396000 	C:\Users\User\.gradle\native\31\windows-amd64\native-platform.dll
0x00007ffc4b3a0000 - 0x00007ffc4b3ad000 	E:\Android Studio\jre\jre\bin\management.dll
0x00007ffc4e5e0000 - 0x00007ffc4e613000 	C:\Windows\system32\rsaenh.dll
0x00007ffc4fa30000 - 0x00007ffc4fa56000 	C:\Windows\System32\bcrypt.dll
0x00007ffc4f0f0000 - 0x00007ffc4f119000 	C:\Windows\SYSTEM32\USERENV.dll
0x00007ffc4ec20000 - 0x00007ffc4ec2c000 	C:\Windows\SYSTEM32\CRYPTBASE.dll
0x00007ffc4e770000 - 0x00007ffc4e7ad000 	C:\Windows\SYSTEM32\IPHLPAPI.DLL
0x00007ffc52500000 - 0x00007ffc52508000 	C:\Windows\System32\NSI.dll
0x00007ffc3b210000 - 0x00007ffc3b226000 	C:\Windows\SYSTEM32\dhcpcsvc6.DLL
0x00007ffc3b4b0000 - 0x00007ffc3b4cc000 	C:\Windows\SYSTEM32\dhcpcsvc.DLL
0x00007ffc4e7b0000 - 0x00007ffc4e876000 	C:\Windows\SYSTEM32\DNSAPI.dll

VM Arguments:
jvm_args: -Xmx2048m -Dfile.encoding=windows-1251 -Duser.country=RU -Duser.language=ru -Duser.variant 
java_command: org.gradle.launcher.daemon.bootstrap.GradleDaemon 6.1.1
java_class_path (initial): C:\Users\User\.gradle\wrapper\dists\gradle-6.1.1-all\cfmwm155h49vnt3hynmlrsdst\gradle-6.1.1\lib\gradle-launcher-6.1.1.jar
Launcher Type: SUN_STANDARD

Environment Variables:
PATH=C:\Windows\system32;C:\Windows;C:\Windows\System32\Wbem;C:\Windows\System32\WindowsPowerShell\v1.0\;C:\Windows\System32\OpenSSH\;C:\Program Files\dotnet\;C:\Program Files\Microsoft SQL Server\130\Tools\Binn\;C:\Program Files\Microsoft SQL Server\Client SDK\ODBC\170\Tools\Binn\;C:\Strawberry\c\bin;C:\Strawberry\perl\site\bin;C:\Strawberry\perl\bin;C:\Program Files\Git\cmd;C:\Users\User\AppData\Local\Microsoft\WindowsApps;;E:\IntelliJ IDEA Community Edition 2020.2.1\bin;
USERNAME=User
OS=Windows_NT
PROCESSOR_IDENTIFIER=Intel64 Family 6 Model 142 Stepping 11, GenuineIntel



---------------  S Y S T E M  ---------------

OS: Windows 10.0 , 64 bit Build 17763 (10.0.17763.475)

CPU:total 4 (initial active 4) (2 cores per cpu, 2 threads per core) family 6 model 142 stepping 11, cmov, cx8, fxsr, mmx, sse, sse2, sse3, ssse3, sse4.1, sse4.2, popcnt, avx, avx2, aes, clmul, erms, 3dnowpref, lzcnt, ht, tsc, tscinvbit, bmi1, bmi2, adx

Memory: 4k page, physical 8198388k(489916k free), swap 9017588k(6820k free)

vm_info: OpenJDK 64-Bit Server VM (25.242-b01) for windows-amd64 JRE (1.8.0_242-release-1644-b01), built by "builder" with MS VC++ 10.0 (VS2010)

time: Thu Mar 11 10:17:31 2021
timezone: Беларусь (зима)
elapsed time: 3 seconds (0d 0h 0m 3s)

